<?xml version="1.0" encoding="UTF-8"?>
<!-- Generated by org.testng.reporters.JUnitXMLReporter -->
<testsuite ignored="0" hostname="LAPTOP-F5223EVV" failures="0" tests="6" name="Test2" time="6.222" errors="0" timestamp="2020-10-15T20:17:05 ART">
  <testcase classname="com.automationoct.tests.BaseTest" name="@BeforeClass setUp" time="3.129">
    <failure type="java.lang.NullPointerException" message="null value in entry: url=null">
      <![CDATA[java.lang.NullPointerException: null value in entry: url=null
at com.google.common.collect.CollectPreconditions.checkEntryNotNull(CollectPreconditions.java:32)
at com.google.common.collect.SingletonImmutableBiMap.<init>(SingletonImmutableBiMap.java:42)
at com.google.common.collect.ImmutableBiMap.of(ImmutableBiMap.java:71)
at com.google.common.collect.ImmutableMap.of(ImmutableMap.java:125)
at org.openqa.selenium.remote.DriverCommand.GET(DriverCommand.java:55)
at org.openqa.selenium.remote.RemoteWebDriver.get(RemoteWebDriver.java:282)
at com.automationoct.tests.BaseTest.setUp(BaseTest.java:47)
at java.base/java.util.ArrayList.forEach(ArrayList.java:1511)
... Removed 26 stack frames]]>
    </failure>
  </testcase> <!-- @BeforeClass setUp -->
  <testcase classname="com.automationoct.tests.BaseTest" name="@AfterClass tearDown" time="-1.602803821917E9">
    <skipped/>
  </testcase> <!-- @AfterClass tearDown -->
  <testcase classname="com.automationoct.tests.BaseTest" name="@BeforeClass setUp" time="3.07">
    <failure type="java.lang.NullPointerException" message="null value in entry: url=null">
      <![CDATA[java.lang.NullPointerException: null value in entry: url=null
at com.google.common.collect.CollectPreconditions.checkEntryNotNull(CollectPreconditions.java:32)
at com.google.common.collect.SingletonImmutableBiMap.<init>(SingletonImmutableBiMap.java:42)
at com.google.common.collect.ImmutableBiMap.of(ImmutableBiMap.java:71)
at com.google.common.collect.ImmutableMap.of(ImmutableMap.java:125)
at org.openqa.selenium.remote.DriverCommand.GET(DriverCommand.java:55)
at org.openqa.selenium.remote.RemoteWebDriver.get(RemoteWebDriver.java:282)
at com.automationoct.tests.BaseTest.setUp(BaseTest.java:47)
at java.base/java.util.ArrayList.forEach(ArrayList.java:1511)
... Removed 26 stack frames]]>
    </failure>
  </testcase> <!-- @BeforeClass setUp -->
  <testcase classname="com.automationoct.tests.BaseTest" name="@AfterClass tearDown" time="-1.602803824997E9">
    <skipped/>
  </testcase> <!-- @AfterClass tearDown -->
  <testcase classname="com.automationoct.tests.Sample" name="GoogleSearch" time="0.0">
    <skipped/>
  </testcase> <!-- GoogleSearch -->
  <testcase classname="com.automationoct.tests.Sample" name="TestTest" time="0.0">
    <skipped/>
  </testcase> <!-- TestTest -->
  <testcase classname="com.automationoct.tests.Sample" name="TestTestTest" time="0.0">
    <skipped/>
  </testcase> <!-- TestTestTest -->
  <testcase classname="com.automationoct.tests.EnvironmentTest" name="TestTestTest43" time="0.0">
    <skipped/>
  </testcase> <!-- TestTestTest43 -->
  <testcase classname="com.automationoct.tests.EnvironmentTest" name="myTest" time="0.0">
    <skipped/>
  </testcase> <!-- myTest -->
  <testcase classname="com.automationoct.tests.EnvironmentTest" name="myTest" time="0.0">
    <skipped/>
  </testcase> <!-- myTest -->
</testsuite> <!-- Test2 -->
