<?xml version="1.0" encoding="UTF-8"?>
<!-- Generated by org.testng.reporters.JUnitXMLReporter -->
<testsuite ignored="0" hostname="LAPTOP-F5223EVV" failures="0" tests="4" name="Test1" time="0.104" errors="0" timestamp="2020-10-19T00:02:09 ART">
  <testcase classname="com.automationoct.helpers.BaseTest" name="@BeforeClass setUp" time="0.064">
    <failure type="java.lang.NullPointerException" message="Cannot invoke &amp;quot;org.openqa.selenium.WebDriver.quit()&amp;quot; because &amp;quot;this.driver&amp;quot; is null">
      <![CDATA[java.lang.NullPointerException: Cannot invoke "org.openqa.selenium.WebDriver.quit()" because "this.driver" is null
at com.automationoct.helpers.BaseTest.setUp(BaseTest.java:42)
at java.base/java.util.concurrent.ThreadPoolExecutor.runWorker(ThreadPoolExecutor.java:1130)
at java.base/java.util.concurrent.ThreadPoolExecutor$Worker.run(ThreadPoolExecutor.java:630)
at java.base/java.lang.Thread.run(Thread.java:832)
... Removed 10 stack frames]]>
    </failure>
  </testcase> <!-- @BeforeClass setUp -->
  <testcase classname="com.automationoct.helpers.BaseTest" name="@BeforeClass setUp" time="0.064">
    <failure type="java.lang.NullPointerException" message="Cannot invoke &amp;quot;org.openqa.selenium.WebDriver.quit()&amp;quot; because &amp;quot;this.driver&amp;quot; is null">
      <![CDATA[java.lang.NullPointerException: Cannot invoke "org.openqa.selenium.WebDriver.quit()" because "this.driver" is null
at com.automationoct.helpers.BaseTest.setUp(BaseTest.java:42)
at java.base/java.util.concurrent.ThreadPoolExecutor.runWorker(ThreadPoolExecutor.java:1130)
at java.base/java.util.concurrent.ThreadPoolExecutor$Worker.run(ThreadPoolExecutor.java:630)
at java.base/java.lang.Thread.run(Thread.java:832)
... Removed 10 stack frames]]>
    </failure>
  </testcase> <!-- @BeforeClass setUp -->
  <testcase classname="com.automationoct.helpers.BaseTest" name="@AfterClass tearDown" time="-1.603076529032E9">
    <skipped/>
  </testcase> <!-- @AfterClass tearDown -->
  <testcase classname="com.automationoct.helpers.BaseTest" name="@AfterClass tearDown" time="-1.603076529036E9">
    <skipped/>
  </testcase> <!-- @AfterClass tearDown -->
  <testcase classname="com.automationoct.tests.Sample" name="GoogleSearch" time="0.0">
    <skipped/>
  </testcase> <!-- GoogleSearch -->
  <testcase classname="com.automationoct.tests.EnvironmentTest" name="TestTestTest43" time="0.0">
    <skipped/>
  </testcase> <!-- TestTestTest43 -->
  <testcase classname="com.automationoct.tests.Sample" name="TestTest" time="0.0">
    <skipped/>
  </testcase> <!-- TestTest -->
  <testcase classname="com.automationoct.tests.Sample" name="TestTestTest" time="0.0">
    <skipped/>
  </testcase> <!-- TestTestTest -->
</testsuite> <!-- Test1 -->
