<?xml version="1.0" encoding="UTF-8"?>
<!-- Generated by org.testng.reporters.JUnitReportReporter -->
<testsuite hostname="LAPTOP-F5223EVV" failures="0" tests="1" name="com.automationoct.tests.TestWebPageTests" time="0.004" errors="1" timestamp="2020-10-24T12:47:16 ART" skipped="0">
  <testcase classname="com.automationoct.tests.TestWebPageTests" name="LoginTestPage" time="0.004">
    <error message="Conversion = &#039;J&#039;" type="java.util.UnknownFormatConversionException">
      <![CDATA[java.util.UnknownFormatConversionException: Conversion = 'J'
at java.base/java.util.Formatter$FormatSpecifier.conversion(Formatter.java:2839)
at java.base/java.util.Formatter$FormatSpecifier.<init>(Formatter.java:2865)
at java.base/java.util.Formatter.parse(Formatter.java:2713)
at java.base/java.util.Formatter.format(Formatter.java:2655)
at java.base/java.util.Formatter.format(Formatter.java:2609)
at java.base/java.lang.String.format(String.java:3292)
at org.aeonbits.owner.PropertiesInvocationHandler.format(PropertiesInvocationHandler.java:97)
at org.aeonbits.owner.PropertiesInvocationHandler.resolveProperty(PropertiesInvocationHandler.java:82)
at org.aeonbits.owner.PropertiesInvocationHandler.invoke(PropertiesInvocationHandler.java:63)
at com.sun.proxy.$Proxy15.urlTestPage(Unknown Source)
at com.automationoct.tests.TestWebPageTests.LoginTestPage(TestWebPageTests.java:18)
at java.base/jdk.internal.reflect.NativeMethodAccessorImpl.invoke0(Native Method)
at java.base/jdk.internal.reflect.NativeMethodAccessorImpl.invoke(NativeMethodAccessorImpl.java:64)
at java.base/jdk.internal.reflect.DelegatingMethodAccessorImpl.invoke(DelegatingMethodAccessorImpl.java:43)
at java.base/java.lang.reflect.Method.invoke(Method.java:564)
at org.testng.internal.MethodInvocationHelper.invokeMethod(MethodInvocationHelper.java:132)
at org.testng.internal.TestInvoker.invokeMethod(TestInvoker.java:599)
at org.testng.internal.TestInvoker.invokeTestMethod(TestInvoker.java:174)
at org.testng.internal.MethodRunner.runInSequence(MethodRunner.java:46)
at org.testng.internal.TestInvoker$MethodInvocationAgent.invoke(TestInvoker.java:822)
at org.testng.internal.TestInvoker.invokeTestMethods(TestInvoker.java:147)
at org.testng.internal.TestMethodWorker.invokeTestMethods(TestMethodWorker.java:146)
at org.testng.internal.TestMethodWorker.run(TestMethodWorker.java:128)
at java.base/java.util.ArrayList.forEach(ArrayList.java:1511)
at org.testng.TestRunner.privateRun(TestRunner.java:764)
at org.testng.TestRunner.run(TestRunner.java:585)
at org.testng.SuiteRunner.runTest(SuiteRunner.java:384)
at org.testng.SuiteRunner.runSequentially(SuiteRunner.java:378)
at org.testng.SuiteRunner.privateRun(SuiteRunner.java:337)
at org.testng.SuiteRunner.run(SuiteRunner.java:286)
at org.testng.SuiteRunnerWorker.runSuite(SuiteRunnerWorker.java:53)
at org.testng.SuiteRunnerWorker.run(SuiteRunnerWorker.java:96)
at org.testng.TestNG.runSuitesSequentially(TestNG.java:1218)
at org.testng.TestNG.runSuitesLocally(TestNG.java:1140)
at org.testng.TestNG.runSuites(TestNG.java:1069)
at org.testng.TestNG.run(TestNG.java:1037)
at org.testng.remote.AbstractRemoteTestNG.run(AbstractRemoteTestNG.java:115)
at org.testng.remote.RemoteTestNG.initAndRun(RemoteTestNG.java:251)
at org.testng.remote.RemoteTestNG.main(RemoteTestNG.java:77)
]]>
    </error>
  </testcase> <!-- LoginTestPage -->
  <system-out/>
</testsuite> <!-- com.automationoct.tests.TestWebPageTests -->
