<?xml version="1.0" encoding="UTF-8"?>
<!-- Generated by org.testng.reporters.JUnitReportReporter -->
<testsuite skipped="1" hostname="LAPTOP-F5223EVV" name="com.automationoct.tests.Sample2" tests="2" failures="0" timestamp="2020-11-12T20:37:13 ART" time="14.276" errors="1">
  <testcase name="RentWorkflowInvalidAddress" time="0.000" classname="com.automationoct.tests.Sample2">
    <skipped/>
  </testcase> <!-- RentWorkflowInvalidAddress -->
  <system-out/>
  <testcase name="setUp" time="14.276" classname="com.automationoct.tests.Sample2">
    <error type="org.openqa.selenium.SessionNotCreatedException" message="session not created
from chrome not reachable
  (Session info: chrome=86.0.4240.198)
Build info: version: &#039;4.0.0-alpha-5&#039;, revision: &#039;b3a0d621cc&#039;
System info: host: &#039;LAPTOP-F5223EVV&#039;, ip: &#039;192.168.0.228&#039;, os.name: &#039;Windows 10&#039;, os.arch: &#039;amd64&#039;, os.version: &#039;10.0&#039;, java.version: &#039;1.8.0_191&#039;
Driver info: driver.version: ChromeDriver
remote stacktrace: Backtrace:
	Ordinal0 [0x011ED383+3134339]
	Ordinal0 [0x010DA171+2007409]
	Ordinal0 [0x00F7AD90+568720]
	Ordinal0 [0x00F71364+529252]
	Ordinal0 [0x00F719FC+530940]
	Ordinal0 [0x00F72C15+535573]
	Ordinal0 [0x00F6DFC5+516037]
	Ordinal0 [0x00F7BF70+573296]
	Ordinal0 [0x00F21916+203030]
	Ordinal0 [0x00F20C1D+199709]
	Ordinal0 [0x00F1EB0B+191243]
	Ordinal0 [0x00F02E77+77431]
	Ordinal0 [0x00F03E3E+81470]
	Ordinal0 [0x00F03DC9+81353]
	Ordinal0 [0x010F0CD9+2100441]
	GetHandleVerifier [0x0135B75A+1396954]
	GetHandleVerifier [0x0135B3D9+1396057]
	GetHandleVerifier [0x01367126+1444518]
	GetHandleVerifier [0x0135BCE8+1398376]
	Ordinal0 [0x010E7F51+2064209]
	Ordinal0 [0x010F22EB+2106091]
	Ordinal0 [0x010F2411+2106385]
	Ordinal0 [0x011049C4+2181572]
	BaseThreadInitThunk [0x75B86359+25]
	RtlGetAppContainerNamedObjectPath [0x77D77C24+228]
	RtlGetAppContainerNamedObjectPath [0x77D77BF4+180]
">
      <![CDATA[org.openqa.selenium.SessionNotCreatedException: session not created
from chrome not reachable
  (Session info: chrome=86.0.4240.198)
Build info: version: '4.0.0-alpha-5', revision: 'b3a0d621cc'
System info: host: 'LAPTOP-F5223EVV', ip: '192.168.0.228', os.name: 'Windows 10', os.arch: 'amd64', os.version: '10.0', java.version: '1.8.0_191'
Driver info: driver.version: ChromeDriver
remote stacktrace: Backtrace:
Ordinal0 [0x011ED383+3134339]
Ordinal0 [0x010DA171+2007409]
Ordinal0 [0x00F7AD90+568720]
Ordinal0 [0x00F71364+529252]
Ordinal0 [0x00F719FC+530940]
Ordinal0 [0x00F72C15+535573]
Ordinal0 [0x00F6DFC5+516037]
Ordinal0 [0x00F7BF70+573296]
Ordinal0 [0x00F21916+203030]
Ordinal0 [0x00F20C1D+199709]
Ordinal0 [0x00F1EB0B+191243]
Ordinal0 [0x00F02E77+77431]
Ordinal0 [0x00F03E3E+81470]
Ordinal0 [0x00F03DC9+81353]
Ordinal0 [0x010F0CD9+2100441]
GetHandleVerifier [0x0135B75A+1396954]
GetHandleVerifier [0x0135B3D9+1396057]
GetHandleVerifier [0x01367126+1444518]
GetHandleVerifier [0x0135BCE8+1398376]
Ordinal0 [0x010E7F51+2064209]
Ordinal0 [0x010F22EB+2106091]
Ordinal0 [0x010F2411+2106385]
Ordinal0 [0x011049C4+2181572]
BaseThreadInitThunk [0x75B86359+25]
RtlGetAppContainerNamedObjectPath [0x77D77C24+228]
RtlGetAppContainerNamedObjectPath [0x77D77BF4+180]

at sun.reflect.NativeConstructorAccessorImpl.newInstance0(Native Method)
at sun.reflect.NativeConstructorAccessorImpl.newInstance(NativeConstructorAccessorImpl.java:62)
at sun.reflect.DelegatingConstructorAccessorImpl.newInstance(DelegatingConstructorAccessorImpl.java:45)
at java.lang.reflect.Constructor.newInstance(Constructor.java:423)
at org.openqa.selenium.remote.W3CHandshakeResponse.lambda$errorHandler$0(W3CHandshakeResponse.java:62)
at org.openqa.selenium.remote.HandshakeResponse.lambda$getResponseFunction$0(HandshakeResponse.java:30)
at org.openqa.selenium.remote.ProtocolHandshake.lambda$createSession$1(ProtocolHandshake.java:126)
at java.util.stream.ReferencePipeline$3$1.accept(ReferencePipeline.java:193)
at java.util.Spliterators$ArraySpliterator.tryAdvance(Spliterators.java:958)
at java.util.stream.ReferencePipeline.forEachWithCancel(ReferencePipeline.java:126)
at java.util.stream.AbstractPipeline.copyIntoWithCancel(AbstractPipeline.java:498)
at java.util.stream.AbstractPipeline.copyInto(AbstractPipeline.java:485)
at java.util.stream.AbstractPipeline.wrapAndCopyInto(AbstractPipeline.java:471)
at java.util.stream.FindOps$FindOp.evaluateSequential(FindOps.java:152)
at java.util.stream.AbstractPipeline.evaluate(AbstractPipeline.java:234)
at java.util.stream.ReferencePipeline.findFirst(ReferencePipeline.java:464)
at org.openqa.selenium.remote.ProtocolHandshake.createSession(ProtocolHandshake.java:128)
at org.openqa.selenium.remote.ProtocolHandshake.createSession(ProtocolHandshake.java:75)
at org.openqa.selenium.remote.HttpCommandExecutor.execute(HttpCommandExecutor.java:139)
at org.openqa.selenium.remote.service.DriverCommandExecutor.execute(DriverCommandExecutor.java:83)
at org.openqa.selenium.remote.RemoteWebDriver.execute(RemoteWebDriver.java:582)
at org.openqa.selenium.remote.RemoteWebDriver.startSession(RemoteWebDriver.java:216)
at org.openqa.selenium.remote.RemoteWebDriver.<init>(RemoteWebDriver.java:136)
at org.openqa.selenium.chromium.ChromiumDriver.<init>(ChromiumDriver.java:75)
at org.openqa.selenium.chrome.ChromeDriver.<init>(ChromeDriver.java:163)
at org.openqa.selenium.chrome.ChromeDriver.<init>(ChromeDriver.java:150)
at org.openqa.selenium.chrome.ChromeDriver.<init>(ChromeDriver.java:105)
at com.automationoct.helpers.BaseTest.setUp(BaseTest.java:51)
at sun.reflect.NativeMethodAccessorImpl.invoke0(Native Method)
at sun.reflect.NativeMethodAccessorImpl.invoke(NativeMethodAccessorImpl.java:62)
at sun.reflect.DelegatingMethodAccessorImpl.invoke(DelegatingMethodAccessorImpl.java:43)
at java.lang.reflect.Method.invoke(Method.java:498)
at org.testng.internal.MethodInvocationHelper.invokeMethod(MethodInvocationHelper.java:132)
at org.testng.internal.MethodInvocationHelper.invokeMethodConsideringTimeout(MethodInvocationHelper.java:61)
at org.testng.internal.ConfigInvoker.invokeConfigurationMethod(ConfigInvoker.java:366)
at org.testng.internal.ConfigInvoker.invokeConfigurations(ConfigInvoker.java:320)
at org.testng.internal.TestInvoker.runConfigMethods(TestInvoker.java:701)
at org.testng.internal.TestInvoker.invokeMethod(TestInvoker.java:527)
at org.testng.internal.TestInvoker.invokeTestMethod(TestInvoker.java:174)
at org.testng.internal.MethodRunner.runInSequence(MethodRunner.java:46)
at org.testng.internal.TestInvoker$MethodInvocationAgent.invoke(TestInvoker.java:822)
at org.testng.internal.TestInvoker.invokeTestMethods(TestInvoker.java:147)
at org.testng.internal.TestMethodWorker.invokeTestMethods(TestMethodWorker.java:146)
at org.testng.internal.TestMethodWorker.run(TestMethodWorker.java:128)
at java.util.ArrayList.forEach(ArrayList.java:1257)
at org.testng.TestRunner.privateRun(TestRunner.java:764)
at org.testng.TestRunner.run(TestRunner.java:585)
at org.testng.SuiteRunner.runTest(SuiteRunner.java:384)
at org.testng.SuiteRunner.runSequentially(SuiteRunner.java:378)
at org.testng.SuiteRunner.privateRun(SuiteRunner.java:337)
at org.testng.SuiteRunner.run(SuiteRunner.java:286)
at org.testng.SuiteRunnerWorker.runSuite(SuiteRunnerWorker.java:53)
at org.testng.SuiteRunnerWorker.run(SuiteRunnerWorker.java:96)
at org.testng.TestNG.runSuitesSequentially(TestNG.java:1218)
at org.testng.TestNG.runSuitesLocally(TestNG.java:1140)
at org.testng.TestNG.runSuites(TestNG.java:1069)
at org.testng.TestNG.run(TestNG.java:1037)
at org.testng.remote.AbstractRemoteTestNG.run(AbstractRemoteTestNG.java:115)
at org.testng.remote.RemoteTestNG.initAndRun(RemoteTestNG.java:251)
at org.testng.remote.RemoteTestNG.main(RemoteTestNG.java:77)
]]>
    </error>
  </testcase> <!-- setUp -->
  <system-out/>
</testsuite> <!-- com.automationoct.tests.Sample2 -->
